<?xml version="1.0" encoding="UTF-8"?>
<!-- Generated by org.testng.reporters.JUnitXMLReporter -->
<testsuite hostname="EPINHYDW1504" ignored="6" name="Default test" tests="1" failures="0" timestamp="06 Nov 2019 08:54:51 GMT" time="2.561" errors="0">
  <testcase name="testPostWithGivenWhenThen" time="2.546" classname="com.jstech.restassureddemo.APITester"/>
  <testcase name="testHeaderContent" time="0.0" classname="com.jstech.restassureddemo.APITester">
    <ignored/>
  </testcase> <!-- testHeaderContent -->
  <testcase name="testDeletePet" time="0.0" classname="com.jstech.restassureddemo.APITester">
    <ignored/>
  </testcase> <!-- testDeletePet -->
  <testcase name="testPostWithPojo" time="0.0" classname="com.jstech.restassureddemo.APITester">
    <ignored/>
  </testcase> <!-- testPostWithPojo -->
  <testcase name="testLengthOfArrayOfUsers" time="0.0" classname="com.jstech.restassureddemo.APITester">
    <ignored/>
  </testcase> <!-- testLengthOfArrayOfUsers -->
  <testcase name="testStatusCode" time="0.0" classname="com.jstech.restassureddemo.APITester">
    <ignored/>
  </testcase> <!-- testStatusCode -->
  <testcase name="testPostmethod" time="0.0" classname="com.jstech.restassureddemo.APITester">
    <ignored/>
  </testcase> <!-- testPostmethod -->
</testsuite> <!-- Default test -->
