<?xml version="1.0" encoding="UTF-8"?>
<testng-results skipped="0" failed="0" ignored="6" total="7" passed="1">
  <reporter-output>
  </reporter-output>
  <suite name="Default suite" duration-ms="2561" started-at="2019-11-06T08:54:48Z" finished-at="2019-11-06T08:54:51Z">
    <groups>
    </groups>
    <test name="Default test" duration-ms="2561" started-at="2019-11-06T08:54:48Z" finished-at="2019-11-06T08:54:51Z">
      <class name="com.jstech.restassureddemo.APITester">
        <test-method status="PASS" signature="testPostWithGivenWhenThen()[pri:0, instance:com.jstech.restassureddemo.APITester@4501b7af]" name="testPostWithGivenWhenThen" duration-ms="2546" started-at="2019-11-06T08:54:48Z" finished-at="2019-11-06T08:54:51Z">
          <reporter-output>
          </reporter-output>
        </test-method> <!-- testPostWithGivenWhenThen -->
      </class> <!-- com.jstech.restassureddemo.APITester -->
    </test> <!-- Default test -->
  </suite> <!-- Default suite -->
</testng-results>
