<?xml version="1.0" encoding="UTF-8"?>
<!-- Generated by org.testng.reporters.JUnitXMLReporter -->
<testsuite hostname="EPINHYDW1504" ignored="1" name="Default test" tests="1" failures="0" timestamp="13 Nov 2019 09:41:47 GMT" time="15.04" errors="0">
  <testcase name="testElementRenderedAfterwards" time="15.008" classname="com.jstech.testusingselenium.TestDynamicLoading"/>
  <testcase name="testHiddenElement" time="0.0" classname="com.jstech.testusingselenium.TestDynamicLoading">
    <ignored/>
  </testcase> <!-- testHiddenElement -->
</testsuite> <!-- Default test -->
