<?xml version="1.0" encoding="UTF-8"?>
<testng-results skipped="0" failed="0" ignored="1" total="2" passed="1">
  <reporter-output>
  </reporter-output>
  <suite name="Default suite" duration-ms="15040" started-at="2019-11-13T09:41:31Z" finished-at="2019-11-13T09:41:46Z">
    <groups>
    </groups>
    <test name="Default test" duration-ms="15040" started-at="2019-11-13T09:41:31Z" finished-at="2019-11-13T09:41:46Z">
      <class name="com.jstech.testusingselenium.TestDynamicLoading">
        <test-method status="PASS" signature="init()[pri:0, instance:com.jstech.testusingselenium.TestDynamicLoading@7d4f9aae]" name="init" is-config="true" duration-ms="16" started-at="2019-11-13T09:41:31Z" finished-at="2019-11-13T09:41:31Z">
          <reporter-output>
          </reporter-output>
        </test-method> <!-- init -->
        <test-method status="PASS" signature="testElementRenderedAfterwards()[pri:0, instance:com.jstech.testusingselenium.TestDynamicLoading@7d4f9aae]" name="testElementRenderedAfterwards" duration-ms="15008" started-at="2019-11-13T09:41:31Z" finished-at="2019-11-13T09:41:46Z">
          <reporter-output>
          </reporter-output>
        </test-method> <!-- testElementRenderedAfterwards -->
      </class> <!-- com.jstech.testusingselenium.TestDynamicLoading -->
    </test> <!-- Default test -->
  </suite> <!-- Default suite -->
</testng-results>
